Jan 27 18:51 : config: inotify: auto_update was disabled. enable during compilation phase
Jan 27 18:54 : player: played "The Anchoret - It All Began With Loneliness (2023) (FLAC)/01 - An Office For….flac"
Jan 27 19:00 : player: played "The Anchoret - It All Began With Loneliness (2023) (FLAC)/02 - A Dead Man.flac"
Jan 27 19:07 : player: played "The Anchoret - It All Began With Loneliness (2023) (FLAC)/03 - Until The Sun Illuminates.flac"
Jan 27 20:00 : player: played "The Anchoret - It All Began With Loneliness (2023) (FLAC)/05 - Forsaken.flac"
Jan 27 20:03 : player: played "Sgàile/Sgàile - Ideals & Morality (2021) (FLAC)/01. An Ath Rud.flac"
Jan 27 20:49 : player: played "Sgàile/Sgàile - Ideals & Morality (2021) (FLAC)/03. Instinct.flac"
Jan 27 20:54 : player: played "Sgàile/Sgàile - Ideals & Morality (2021) (FLAC)/04. The Generalist.flac"
Jan 27 21:02 : player: played "Sgàile/Sgàile - Ideals & Morality (2021) (FLAC)/05. Enlighten Me.flac"
Jan 27 21:08 : player: played "Sgàile/Sgàile - Ideals & Morality (2021) (FLAC)/06. Kick Louder, Kick Harder.flac"
Jan 27 21:17 : player: played "Sgàile/Sgàile - Ideals & Morality (2021) (FLAC)/07. Eternal Tales.flac"
Jan 27 21:32 : player: played "Sgàile/Sgàile - Ideals & Morality (2021) (FLAC)/08. Facade.flac"
Jan 27 21:43 : player: played "Sgàile/Sgàile - Traverse The Bealach (2024) (FLAC)/01. Psalms To Shout At The Void.flac"
Jan 27 21:53 : player: played "Sgàile/Sgàile - Traverse The Bealach (2024) (FLAC)/02. Lamentations By The Lochan.flac"
Jan 27 22:02 : player: played "Sgàile/Sgàile - Traverse The Bealach (2024) (FLAC)/03. The Ptarmigan's Cry.flac"
Jan 27 22:04 : player: played "Sgàile/Sgàile - Traverse The Bealach (2024) (FLAC)/04. Introspect.flac"
Jan 27 22:17 : player: played "Sgàile/Sgàile - Traverse The Bealach (2024) (FLAC)/05. Silence.flac"
Jan 27 22:25 : player: played "Sgàile/Sgàile - Traverse The Bealach (2024) (FLAC)/06. The Brocken Spectre.flac"
Jan 27 22:35 : player: played "Sgàile/Sgàile - Traverse The Bealach (2024) (FLAC)/07. Entangled In The Light.flac"
Jan 28 08:23 : config: inotify: auto_update was disabled. enable during compilation phase
Jan 28 09:28 : player: played "Sgàile/Sgàile - Traverse The Bealach (2024) (FLAC)/01. Psalms To Shout At The Void.flac"
Jan 28 09:37 : player: played "Sgàile/Sgàile - Traverse The Bealach (2024) (FLAC)/02. Lamentations By The Lochan.flac"
Jan 28 16:39 : player: played "Sgàile/Sgàile - Traverse The Bealach (2024) (FLAC)/01. Psalms To Shout At The Void.flac"
Jan 28 16:48 : player: played "Sgàile/Sgàile - Traverse The Bealach (2024) (FLAC)/02. Lamentations By The Lochan.flac"
Jan 28 16:52 : player: played "Sgàile/Sgàile - Traverse The Bealach (2024) (FLAC)/03. The Ptarmigan's Cry.flac"
Jan 28 17:02 : player: played "Sgàile/Sgàile - Traverse The Bealach (2024) (FLAC)/03. The Ptarmigan's Cry.flac"
Jan 28 17:02 : player: played "Sgàile/Sgàile - Traverse The Bealach (2024) (FLAC)/04. Introspect.flac"
Jan 28 17:05 : player: played "Sgàile/Sgàile - Traverse The Bealach (2024) (FLAC)/04. Introspect.flac"
Jan 28 17:17 : player: played "Sgàile/Sgàile - Traverse The Bealach (2024) (FLAC)/05. Silence.flac"
Jan 28 17:25 : player: played "Sgàile/Sgàile - Traverse The Bealach (2024) (FLAC)/06. The Brocken Spectre.flac"
